<?xml version="1.0" encoding="UTF-8"?>
<!-- Generated by org.testng.reporters.JUnitXMLReporter -->
<testsuite hostname="Farfi-PC" name="Default test" tests="6" failures="0" timestamp="27 May 2014 19:15:12 GMT" time="26.06" errors="0">
  <testcase name="testEditGroup" time="12.697" classname="com.example.tests.GroupModificationTests"/>
  <testcase name="testAddNewEmptyContact" time="2.417" classname="com.example.tests.NewContactTests"/>
  <testcase name="testAddNewFullContact" time="3.983" classname="com.example.tests.NewContactTests"/>
  <testcase name="testAddNewEmptyGroup" time="2.313" classname="com.example.tests.NewGroupTests"/>
  <testcase name="testAddNewGroupNonEmpty" time="2.417" classname="com.example.tests.NewGroupTests"/>
  <testcase name="deleteAnyGroup" time="2.185" classname="com.example.tests.GroupRemovalTests"/>
</testsuite> <!-- Default test -->
