<?xml version="1.0" encoding="UTF-8"?>
<!-- Generated by org.testng.reporters.JUnitXMLReporter -->
<testsuite hostname="Farfi-PC" name="Default test" tests="4" failures="0" timestamp="25 May 2014 09:19:49 GMT" time="15.075" errors="0">
  <testcase name="testAddNewGroupNonEmpty" time="5.037" classname="com.example.tests.NewGroupTest"/>
  <testcase name="testAddNewEmptyContact" time="3.733" classname="com.example.tests.NewEmptyContactTest"/>
  <testcase name="testAddNewFullContact" time="3.698" classname="com.example.tests.NewContactTest"/>
  <testcase name="testAddNewEmptyGroup" time="2.577" classname="com.example.tests.NewEmptyGroupTest"/>
</testsuite> <!-- Default test -->
